This is pdfTeX, Version 3.14159265-2.6-1.40.17 (TeX Live 2016) (preloaded format=pdflatex 2016.9.6)  4 NOV 2016 10:50
entering extended mode
 restricted \write18 enabled.
 file:line:error style messages enabled.
 %&-line parsing enabled.
**p3_solution.tex
(./p3_solution.tex
LaTeX2e <2016/03/31>
Babel <3.9r> and hyphenation patterns for 83 language(s) loaded.
(/usr/local/texlive/2016/texmf-dist/tex/latex/base/article.cls
Document Class: article 2014/09/29 v1.4h Standard LaTeX document class
(/usr/local/texlive/2016/texmf-dist/tex/latex/base/fleqn.clo
File: fleqn.clo 2015/03/31 v1.1i Standard LaTeX option (flush left equations)
\mathindent=\dimen102
Applying: [2015/01/01] Make \[ robust on input line 50.
LaTeX Info: Redefining \[ on input line 51.
Already applied: [0000/00/00] Make \[ robust on input line 62.
Applying: [2015/01/01] Make \] robust on input line 74.
LaTeX Info: Redefining \] on input line 75.
Already applied: [0000/00/00] Make \] robust on input line 83.
)
(/usr/local/texlive/2016/texmf-dist/tex/latex/base/size10.clo
File: size10.clo 2014/09/29 v1.4h Standard LaTeX file (size option)
)
\c@part=\count79
\c@section=\count80
\c@subsection=\count81
\c@subsubsection=\count82
\c@paragraph=\count83
\c@subparagraph=\count84
\c@figure=\count85
\c@table=\count86
\abovecaptionskip=\skip41
\belowcaptionskip=\skip42
\bibindent=\dimen103
) (./mydefs.sty
(/usr/local/texlive/2016/texmf-dist/tex/latex/base/latexsym.sty
Package: latexsym 1998/08/17 v2.2e Standard LaTeX package (lasy symbols)
\symlasy=\mathgroup4
LaTeX Font Info:    Overwriting symbol font `lasy' in version `bold'
(Font)                  U/lasy/m/n --> U/lasy/b/n on input line 52.
)
(/usr/local/texlive/2016/texmf-dist/tex/latex/amsmath/amsmath.sty
Package: amsmath 2016/03/10 v2.15b AMS math features
\@mathmargin=\skip43

For additional information on amsmath, use the `?' option.
(/usr/local/texlive/2016/texmf-dist/tex/latex/amsmath/amstext.sty
Package: amstext 2000/06/29 v2.01 AMS text

(/usr/local/texlive/2016/texmf-dist/tex/latex/amsmath/amsgen.sty
File: amsgen.sty 1999/11/30 v2.0 generic functions
\@emptytoks=\toks14
\ex@=\dimen104
))
(/usr/local/texlive/2016/texmf-dist/tex/latex/amsmath/amsbsy.sty
Package: amsbsy 1999/11/29 v1.2d Bold Symbols
\pmbraise@=\dimen105
)
(/usr/local/texlive/2016/texmf-dist/tex/latex/amsmath/amsopn.sty
Package: amsopn 2016/03/08 v2.02 operator names
)
\inf@bad=\count87
LaTeX Info: Redefining \frac on input line 199.
\uproot@=\count88
\leftroot@=\count89
LaTeX Info: Redefining \overline on input line 297.
\classnum@=\count90
\DOTSCASE@=\count91
LaTeX Info: Redefining \ldots on input line 394.
LaTeX Info: Redefining \dots on input line 397.
LaTeX Info: Redefining \cdots on input line 518.
\Mathstrutbox@=\box26
\strutbox@=\box27
\big@size=\dimen106
LaTeX Font Info:    Redeclaring font encoding OML on input line 634.
LaTeX Font Info:    Redeclaring font encoding OMS on input line 635.
\macc@depth=\count92
\c@MaxMatrixCols=\count93
\dotsspace@=\muskip10
\c@parentequation=\count94
\dspbrk@lvl=\count95
\tag@help=\toks15
\row@=\count96
\column@=\count97
\maxfields@=\count98
\andhelp@=\toks16
\eqnshift@=\dimen107
\alignsep@=\dimen108
\tagshift@=\dimen109
\tagwidth@=\dimen110
\totwidth@=\dimen111
\lineht@=\dimen112
\@envbody=\toks17
\multlinegap=\skip44
\multlinetaggap=\skip45
\mathdisplay@stack=\toks18
LaTeX Info: Redefining \[ on input line 2739.
LaTeX Info: Redefining \] on input line 2740.
)
(/usr/local/texlive/2016/texmf-dist/tex/latex/amsfonts/amsfonts.sty
Package: amsfonts 2013/01/14 v3.01 Basic AMSFonts support
\symAMSa=\mathgroup5
\symAMSb=\mathgroup6
LaTeX Font Info:    Overwriting math alphabet `\mathfrak' in version `bold'
(Font)                  U/euf/m/n --> U/euf/b/n on input line 106.
)
(/usr/local/texlive/2016/texmf-dist/tex/latex/amscls/amsthm.sty
Package: amsthm 2015/03/04 v2.20.2
\thm@style=\toks19
\thm@bodyfont=\toks20
\thm@headfont=\toks21
\thm@notefont=\toks22
\thm@headpunct=\toks23
\thm@preskip=\skip46
\thm@postskip=\skip47
\thm@headsep=\skip48
\dth@everypar=\toks24
)
(/usr/local/texlive/2016/texmf-dist/tex/latex/amsfonts/amssymb.sty
Package: amssymb 2013/01/14 v3.01 AMS font symbols
)
(/usr/local/texlive/2016/texmf-dist/tex/latex/url/url.sty
\Urlmuskip=\muskip11
Package: url 2013/09/16  ver 3.4  Verb mode for urls, etc.
)
(/usr/local/texlive/2016/texmf-dist/tex/latex/hyperref/hyperref.sty
Package: hyperref 2016/05/05 v6.83n Hypertext links for LaTeX

(/usr/local/texlive/2016/texmf-dist/tex/generic/oberdiek/hobsub-hyperref.sty
Package: hobsub-hyperref 2016/05/16 v1.14 Bundle oberdiek, subset hyperref (HO)


(/usr/local/texlive/2016/texmf-dist/tex/generic/oberdiek/hobsub-generic.sty
Package: hobsub-generic 2016/05/16 v1.14 Bundle oberdiek, subset generic (HO)
Package: hobsub 2016/05/16 v1.14 Construct package bundles (HO)
Package: infwarerr 2016/05/16 v1.4 Providing info/warning/error messages (HO)
Package: ltxcmds 2016/05/16 v1.23 LaTeX kernel commands for general use (HO)
Package: ifluatex 2016/05/16 v1.4 Provides the ifluatex switch (HO)
Package ifluatex Info: LuaTeX not detected.
Package: ifvtex 2016/05/16 v1.6 Detect VTeX and its facilities (HO)
Package ifvtex Info: VTeX not detected.
Package: intcalc 2016/05/16 v1.2 Expandable calculations with integers (HO)
Package: ifpdf 2016/05/14 v3.1 Provides the ifpdf switch
Package: etexcmds 2016/05/16 v1.6 Avoid name clashes with e-TeX commands (HO)
Package etexcmds Info: Could not find \expanded.
(etexcmds)             That can mean that you are not using pdfTeX 1.50 or
(etexcmds)             that some package has redefined \expanded.
(etexcmds)             In the latter case, load this package earlier.
Package: kvsetkeys 2016/05/16 v1.17 Key value parser (HO)
Package: kvdefinekeys 2016/05/16 v1.4 Define keys (HO)
Package: pdftexcmds 2016/05/10 v0.21 Utility functions of pdfTeX for LuaTeX (HO
)
Package pdftexcmds Info: LuaTeX not detected.
Package pdftexcmds Info: \pdf@primitive is available.
Package pdftexcmds Info: \pdf@ifprimitive is available.
Package pdftexcmds Info: \pdfdraftmode found.
Package: pdfescape 2016/05/16 v1.14 Implements pdfTeX's escape features (HO)
Package: bigintcalc 2016/05/16 v1.4 Expandable calculations on big integers (HO
)
Package: bitset 2016/05/16 v1.2 Handle bit-vector datatype (HO)
Package: uniquecounter 2016/05/16 v1.3 Provide unlimited unique counter (HO)
)
Package hobsub Info: Skipping package `hobsub' (already loaded).
Package: letltxmacro 2016/05/16 v1.5 Let assignment for LaTeX macros (HO)
Package: hopatch 2016/05/16 v1.3 Wrapper for package hooks (HO)
Package: xcolor-patch 2016/05/16 xcolor patch
Package: atveryend 2016/05/16 v1.9 Hooks at the very end of document (HO)
Package atveryend Info: \enddocument detected (standard20110627).
Package: atbegshi 2016/05/16 v1.17 At begin shipout hook (HO)
Package: refcount 2016/05/16 v3.5 Data extraction from label references (HO)
Package: hycolor 2016/05/16 v1.8 Color options for hyperref/bookmark (HO)
)
(/usr/local/texlive/2016/texmf-dist/tex/latex/graphics/keyval.sty
Package: keyval 2014/10/28 v1.15 key=value parser (DPC)
\KV@toks@=\toks25
)
(/usr/local/texlive/2016/texmf-dist/tex/generic/ifxetex/ifxetex.sty
Package: ifxetex 2010/09/12 v0.6 Provides ifxetex conditional
)
(/usr/local/texlive/2016/texmf-dist/tex/latex/oberdiek/auxhook.sty
Package: auxhook 2016/05/16 v1.4 Hooks for auxiliary files (HO)
)
(/usr/local/texlive/2016/texmf-dist/tex/latex/oberdiek/kvoptions.sty
Package: kvoptions 2016/05/16 v3.12 Key value format for package options (HO)
)
\@linkdim=\dimen113
\Hy@linkcounter=\count99
\Hy@pagecounter=\count100

(/usr/local/texlive/2016/texmf-dist/tex/latex/hyperref/pd1enc.def
File: pd1enc.def 2016/05/05 v6.83n Hyperref: PDFDocEncoding definition (HO)
)
\Hy@SavedSpaceFactor=\count101

(/usr/local/texlive/2016/texmf-dist/tex/latex/latexconfig/hyperref.cfg
File: hyperref.cfg 2002/06/06 v1.2 hyperref configuration of TeXLive
)
Package hyperref Info: Hyper figures OFF on input line 4446.
Package hyperref Info: Link nesting OFF on input line 4451.
Package hyperref Info: Hyper index ON on input line 4454.
Package hyperref Info: Plain pages OFF on input line 4461.
Package hyperref Info: Backreferencing OFF on input line 4466.
Package hyperref Info: Implicit mode ON; LaTeX internals redefined.
Package hyperref Info: Bookmarks ON on input line 4691.
\c@Hy@tempcnt=\count102
LaTeX Info: Redefining \url on input line 5044.
\XeTeXLinkMargin=\dimen114
\Fld@menulength=\count103
\Field@Width=\dimen115
\Fld@charsize=\dimen116
Package hyperref Info: Hyper figures OFF on input line 6298.
Package hyperref Info: Link nesting OFF on input line 6303.
Package hyperref Info: Hyper index ON on input line 6306.
Package hyperref Info: backreferencing OFF on input line 6313.
Package hyperref Info: Link coloring OFF on input line 6318.
Package hyperref Info: Link coloring with OCG OFF on input line 6323.
Package hyperref Info: PDF/A mode OFF on input line 6328.
LaTeX Info: Redefining \ref on input line 6368.
LaTeX Info: Redefining \pageref on input line 6372.
\Hy@abspage=\count104
\c@Item=\count105
\c@Hfootnote=\count106
)

Package hyperref Message: Driver (autodetected): hpdftex.

(/usr/local/texlive/2016/texmf-dist/tex/latex/hyperref/hpdftex.def
File: hpdftex.def 2016/05/05 v6.83n Hyperref driver for pdfTeX
\Fld@listcount=\count107
\c@bookmark@seq@number=\count108

(/usr/local/texlive/2016/texmf-dist/tex/latex/oberdiek/rerunfilecheck.sty
Package: rerunfilecheck 2016/05/16 v1.8 Rerun checks for auxiliary files (HO)
Package uniquecounter Info: New unique counter `rerunfilecheck' on input line 2
82.
)
\Hy@SectionHShift=\skip49
)
(/usr/local/texlive/2016/texmf-dist/tex/latex/graphics/color.sty
Package: color 2016/05/09 v1.1c Standard LaTeX Color (DPC)

(/usr/local/texlive/2016/texmf-dist/tex/latex/graphics-cfg/color.cfg
File: color.cfg 2016/01/02 v1.6 sample color configuration
)
Package color Info: Driver file: pdftex.def on input line 144.

(/usr/local/texlive/2016/texmf-dist/tex/latex/pdftex-def/pdftex.def
File: pdftex.def 2011/05/27 v0.06d Graphics/color for pdfTeX
\Gread@gobject=\count109
))
\c@mytheorem=\count110
\c@myproposition=\count111
\c@mydefinition=\count112
\c@mycorollary=\count113
\c@myexample=\count114
\c@myexercise=\count115
)
(./notes.sty)
(/usr/local/texlive/2016/texmf-dist/tex/latex/graphics/graphicx.sty
Package: graphicx 2014/10/28 v1.0g Enhanced LaTeX Graphics (DPC,SPQR)

(/usr/local/texlive/2016/texmf-dist/tex/latex/graphics/graphics.sty
Package: graphics 2016/05/09 v1.0r Standard LaTeX Graphics (DPC,SPQR)

(/usr/local/texlive/2016/texmf-dist/tex/latex/graphics/trig.sty
Package: trig 2016/01/03 v1.10 sin cos tan (DPC)
)
(/usr/local/texlive/2016/texmf-dist/tex/latex/graphics-cfg/graphics.cfg
File: graphics.cfg 2016/01/02 v1.10 sample graphics configuration
)
Package graphics Info: Driver file: pdftex.def on input line 96.
)
\Gin@req@height=\dimen117
\Gin@req@width=\dimen118
)
(/usr/local/texlive/2016/texmf-dist/tex/latex/tools/verbatim.sty
Package: verbatim 2014/10/28 v1.5q LaTeX2e package for verbatim enhancements
\every@verbatim=\toks26
\verbatim@line=\toks27
\verbatim@in@stream=\read1
)
(/usr/local/texlive/2016/texmf-dist/tex/latex/subfig/subfig.sty
Package: subfig 2005/06/28 ver: 1.3 subfig package

(/usr/local/texlive/2016/texmf-dist/tex/latex/caption/caption.sty
Package: caption 2016/02/21 v3.3-144 Customizing captions (AR)

(/usr/local/texlive/2016/texmf-dist/tex/latex/caption/caption3.sty
Package: caption3 2016/02/04 v1.7-139 caption3 kernel (AR)
Package caption3 Info: TeX engine: e-TeX on input line 67.
\captionmargin=\dimen119
\captionmargin@=\dimen120
\captionwidth=\dimen121
\caption@tempdima=\dimen122
\caption@indent=\dimen123
\caption@parindent=\dimen124
\caption@hangindent=\dimen125
)
\c@ContinuedFloat=\count116
Package caption Info: hyperref package is loaded.
)
\c@KVtest=\count117
\sf@farskip=\skip50
\sf@captopadj=\dimen126
\sf@capskip=\skip51
\sf@nearskip=\skip52
\c@subfigure=\count118
\c@subfigure@save=\count119
\c@lofdepth=\count120
\c@subtable=\count121
\c@subtable@save=\count122
\c@lotdepth=\count123
\sf@top=\skip53
\sf@bottom=\skip54
)
(/usr/local/texlive/2016/texmf-dist/tex/latex/sidecap/sidecap.sty
Package: sidecap 2003/06/06 v1.6f SideCap Package (RN/HjG)

(/usr/local/texlive/2016/texmf-dist/tex/latex/base/ifthen.sty
Package: ifthen 2014/09/29 v1.1c Standard LaTeX ifthen package (DPC)
)
\SC@BOXWD=\dimen127
\SC@CAPWD=\dimen128
\SC@tempdima=\dimen129
\SC@tempdimb=\dimen130
\c@SC@C=\count124
\SC@BOX=\box28
)
(./p3_solution.aux)
\openout1 = `p3_solution.aux'.

LaTeX Font Info:    Checking defaults for OML/cmm/m/it on input line 14.
LaTeX Font Info:    ... okay on input line 14.
LaTeX Font Info:    Checking defaults for T1/cmr/m/n on input line 14.
LaTeX Font Info:    ... okay on input line 14.
LaTeX Font Info:    Checking defaults for OT1/cmr/m/n on input line 14.
LaTeX Font Info:    ... okay on input line 14.
LaTeX Font Info:    Checking defaults for OMS/cmsy/m/n on input line 14.
LaTeX Font Info:    ... okay on input line 14.
LaTeX Font Info:    Checking defaults for OMX/cmex/m/n on input line 14.
LaTeX Font Info:    ... okay on input line 14.
LaTeX Font Info:    Checking defaults for U/cmr/m/n on input line 14.
LaTeX Font Info:    ... okay on input line 14.
LaTeX Font Info:    Checking defaults for PD1/pdf/m/n on input line 14.
LaTeX Font Info:    ... okay on input line 14.
\AtBeginShipoutBox=\box29
Package hyperref Info: Link coloring OFF on input line 14.

(/usr/local/texlive/2016/texmf-dist/tex/latex/hyperref/nameref.sty
Package: nameref 2012/10/27 v2.43 Cross-referencing by name of section

(/usr/local/texlive/2016/texmf-dist/tex/generic/oberdiek/gettitlestring.sty
Package: gettitlestring 2016/05/16 v1.5 Cleanup title references (HO)
)
\c@section@level=\count125
)
LaTeX Info: Redefining \ref on input line 14.
LaTeX Info: Redefining \pageref on input line 14.
LaTeX Info: Redefining \nameref on input line 14.

(./p3_solution.out) (./p3_solution.out)
\@outlinefile=\write3
\openout3 = `p3_solution.out'.


(/usr/local/texlive/2016/texmf-dist/tex/context/base/mkii/supp-pdf.mkii
[Loading MPS to PDF converter (version 2006.09.02).]
\scratchcounter=\count126
\scratchdimen=\dimen131
\scratchbox=\box30
\nofMPsegments=\count127
\nofMParguments=\count128
\everyMPshowfont=\toks28
\MPscratchCnt=\count129
\MPscratchDim=\dimen132
\MPnumerator=\count130
\makeMPintoPDFobject=\count131
\everyMPtoPDFconversion=\toks29
) (/usr/local/texlive/2016/texmf-dist/tex/latex/oberdiek/epstopdf-base.sty
Package: epstopdf-base 2016/05/15 v2.6 Base part for package epstopdf

(/usr/local/texlive/2016/texmf-dist/tex/latex/oberdiek/grfext.sty
Package: grfext 2016/05/16 v1.2 Manage graphics extensions (HO)
)
Package grfext Info: Graphics extension search list:
(grfext)             [.png,.pdf,.jpg,.mps,.jpeg,.jbig2,.jb2,.PNG,.PDF,.JPG,.JPE
G,.JBIG2,.JB2,.eps]
(grfext)             \AppendGraphicsExtensions on input line 456.

(/usr/local/texlive/2016/texmf-dist/tex/latex/latexconfig/epstopdf-sys.cfg
File: epstopdf-sys.cfg 2010/07/13 v1.3 Configuration of (r)epstopdf for TeX Liv
e
))
Package caption Info: Begin \AtBeginDocument code.
Package caption Info: subfig package v1.3 is loaded.
Package caption Info: sidecap package is loaded.
Package caption Info: End \AtBeginDocument code.

(/usr/local/texlive/2016/texmf-dist/tex/latex/ms/ragged2e.sty
Package: ragged2e 2009/05/21 v2.1 ragged2e Package (MS)

(/usr/local/texlive/2016/texmf-dist/tex/latex/ms/everysel.sty
Package: everysel 2011/10/28 v1.2 EverySelectfont Package (MS)

ABD: EverySelectfont initializing macros
LaTeX Info: Redefining \selectfont on input line 126.
)
\CenteringLeftskip=\skip55
\RaggedLeftLeftskip=\skip56
\RaggedRightLeftskip=\skip57
\CenteringRightskip=\skip58
\RaggedLeftRightskip=\skip59
\RaggedRightRightskip=\skip60
\CenteringParfillskip=\skip61
\RaggedLeftParfillskip=\skip62
\RaggedRightParfillskip=\skip63
\JustifyingParfillskip=\skip64
\CenteringParindent=\skip65
\RaggedLeftParindent=\skip66
\RaggedRightParindent=\skip67
\JustifyingParindent=\skip68
)
<sunflowers.jpg, id=4, 1284.8pt x 751.80875pt>
File: sunflowers.jpg Graphic file (type jpg)
 <use sunflowers.jpg>
Package pdftex.def Info: sunflowers.jpg used on input line 28.
(pdftex.def)             Requested size: 563.70454pt x 329.85619pt.

Overfull \hbox (93.94955pt too wide) in paragraph at lines 28--29
 [] 
 []

<butterfly.jpg, id=5, 625.33624pt x 428.60126pt>
File: butterfly.jpg Graphic file (type jpg)
 <use butterfly.jpg>
Package pdftex.def Info: butterfly.jpg used on input line 30.
(pdftex.def)             Requested size: 469.75499pt x 321.97334pt.

<einstein.jpg, id=6, 772.8875pt x 553.06625pt>
File: einstein.jpg Graphic file (type jpg)
 <use einstein.jpg>
Package pdftex.def Info: einstein.jpg used on input line 32.
(pdftex.def)             Requested size: 563.70454pt x 403.38055pt.

<fishes.jpg, id=7, 632.3625pt x 407.5225pt>
File: fishes.jpg Graphic file (type jpg)
 <use fishes.jpg>
Package pdftex.def Info: fishes.jpg used on input line 34.
(pdftex.def)             Requested size: 563.70454pt x 363.30327pt.

Overfull \hbox (93.94955pt too wide) in paragraph at lines 30--35
 []  
 []


Overfull \hbox (93.94955pt too wide) in paragraph at lines 30--35
 [] 
 []

[1

{/usr/local/texlive/2016/texmf-var/fonts/map/pdftex/updmap/pdftex.map} <./sunfl
owers.jpg>] [2 <./butterfly.jpg>] [3 <./einstein.jpg>] [4 <./fishes.jpg>]
File: detectBlobs.m  (verbatim)

[5] [6] <hill1.jpg, id=40, 933.4875pt x 372.39125pt>
File: hill1.jpg Graphic file (type jpg)
 <use hill1.jpg>
Package pdftex.def Info: hill1.jpg used on input line 52.
(pdftex.def)             Requested size: 563.70454pt x 224.88544pt.

Overfull \hbox (93.94955pt too wide) in paragraph at lines 52--53
 [] 
 []

<hill2.jpg, id=41, 933.4875pt x 372.39125pt>
File: hill2.jpg Graphic file (type jpg)
 <use hill2.jpg>
Package pdftex.def Info: hill2.jpg used on input line 54.
(pdftex.def)             Requested size: 563.70454pt x 224.88544pt.

<hill3.jpg, id=42, 689.57625pt x 411.5375pt>
File: hill3.jpg Graphic file (type jpg)
 <use hill3.jpg>
Package pdftex.def Info: hill3.jpg used on input line 56.
(pdftex.def)             Requested size: 563.70454pt x 336.42053pt.

Overfull \hbox (93.94955pt too wide) in paragraph at lines 54--57
 [][]  
 []


Overfull \hbox (93.94955pt too wide) in paragraph at lines 54--57
 [] 
 []

[7 <./hill1.jpg> <./hill2.jpg>] [8 <./hill3.jpg>]
<field1.jpg, id=52, 927.465pt x 370.38374pt>
File: field1.jpg Graphic file (type jpg)
 <use field1.jpg>
Package pdftex.def Info: field1.jpg used on input line 73.
(pdftex.def)             Requested size: 563.70454pt x 225.11992pt.

Overfull \hbox (93.94955pt too wide) in paragraph at lines 73--74
 [] 
 []

<field2.jpg, id=53, 927.465pt x 370.38374pt>
File: field2.jpg Graphic file (type jpg)
 <use field2.jpg>
Package pdftex.def Info: field2.jpg used on input line 75.
(pdftex.def)             Requested size: 563.70454pt x 225.11992pt.

<field3.jpg, id=54, 793.96625pt x 382.42876pt>
File: field3.jpg Graphic file (type jpg)
 <use field3.jpg>
Package pdftex.def Info: field3.jpg used on input line 77.
(pdftex.def)             Requested size: 563.70454pt x 271.5263pt.

Overfull \hbox (93.94955pt too wide) in paragraph at lines 75--78
 [][]  
 []


Overfull \hbox (93.94955pt too wide) in paragraph at lines 75--78
 [] 
 []

[9 <./field1.jpg> <./field2.jpg>] [10 <./field3.jpg>]
<ledge1.jpg, id=63, 1094.0875pt x 432.61626pt>
File: ledge1.jpg Graphic file (type jpg)
 <use ledge1.jpg>
Package pdftex.def Info: ledge1.jpg used on input line 94.
(pdftex.def)             Requested size: 563.70454pt x 222.89557pt.

Overfull \hbox (93.94955pt too wide) in paragraph at lines 94--95
 [] 
 []

<ledge2.jpg, id=64, 1094.0875pt x 432.61626pt>
File: ledge2.jpg Graphic file (type jpg)
 <use ledge2.jpg>
Package pdftex.def Info: ledge2.jpg used on input line 96.
(pdftex.def)             Requested size: 563.70454pt x 222.89557pt.

<ledge3.jpg, id=65, 744.7825pt x 570.13pt>
File: ledge3.jpg Graphic file (type jpg)
 <use ledge3.jpg>
Package pdftex.def Info: ledge3.jpg used on input line 98.
(pdftex.def)             Requested size: 563.70454pt x 431.52861pt.

Overfull \hbox (93.94955pt too wide) in paragraph at lines 96--99
 [][]  
 []


Overfull \hbox (93.94955pt too wide) in paragraph at lines 96--99
 [] 
 []

[11 <./ledge1.jpg> <./ledge2.jpg>] [12 <./ledge3.jpg>]
<pier1.jpg, id=74, 1136.245pt x 447.6725pt>
File: pier1.jpg Graphic file (type jpg)
 <use pier1.jpg>
Package pdftex.def Info: pier1.jpg used on input line 116.
(pdftex.def)             Requested size: 563.70454pt x 222.10063pt.

Overfull \hbox (93.94955pt too wide) in paragraph at lines 116--117
 [] 
 []

<pier2.jpg, id=75, 1136.245pt x 447.6725pt>
File: pier2.jpg Graphic file (type jpg)
 <use pier2.jpg>
Package pdftex.def Info: pier2.jpg used on input line 118.
(pdftex.def)             Requested size: 563.70454pt x 222.10063pt.

<pier3.jpg, id=76, 929.4725pt x 473.77pt>
File: pier3.jpg Graphic file (type jpg)
 <use pier3.jpg>
Package pdftex.def Info: pier3.jpg used on input line 120.
(pdftex.def)             Requested size: 563.70454pt x 287.33658pt.

Overfull \hbox (93.94955pt too wide) in paragraph at lines 118--121
 [][]  
 []


Overfull \hbox (93.94955pt too wide) in paragraph at lines 118--121
 [] 
 []

[13 <./pier1.jpg> <./pier2.jpg>] [14 <./pier3.jpg>]
<river1.jpg, id=86, 851.18pt x 341.275pt>
File: river1.jpg Graphic file (type jpg)
 <use river1.jpg>
Package pdftex.def Info: river1.jpg used on input line 137.
(pdftex.def)             Requested size: 563.70454pt x 226.0233pt.

Overfull \hbox (93.94955pt too wide) in paragraph at lines 137--138
 [] 
 []

<river2.jpg, id=87, 851.18pt x 341.275pt>
File: river2.jpg Graphic file (type jpg)
 <use river2.jpg>
Package pdftex.def Info: river2.jpg used on input line 139.
(pdftex.def)             Requested size: 563.70454pt x 226.0233pt.

<river3.jpg, id=88, 786.94pt x 457.71pt>
File: river3.jpg Graphic file (type jpg)
 <use river3.jpg>
Package pdftex.def Info: river3.jpg used on input line 141.
(pdftex.def)             Requested size: 563.70454pt x 327.86778pt.

Overfull \hbox (93.94955pt too wide) in paragraph at lines 139--142
 [][]  
 []


Overfull \hbox (93.94955pt too wide) in paragraph at lines 139--142
 [] 
 []

[15 <./river1.jpg> <./river2.jpg>] [16 <./river3.jpg>]
<roof1.jpg, id=97, 772.8875pt x 311.1625pt>
File: roof1.jpg Graphic file (type jpg)
 <use roof1.jpg>
Package pdftex.def Info: roof1.jpg used on input line 158.
(pdftex.def)             Requested size: 563.70454pt x 226.94733pt.

Overfull \hbox (93.94955pt too wide) in paragraph at lines 158--159
 [] 
 []

<roof2.jpg, id=98, 772.8875pt x 311.1625pt>
File: roof2.jpg Graphic file (type jpg)
 <use roof2.jpg>
Package pdftex.def Info: roof2.jpg used on input line 160.
(pdftex.def)             Requested size: 563.70454pt x 226.94733pt.

<roof3.jpg, id=99, 636.3775pt x 357.335pt>
File: roof3.jpg Graphic file (type jpg)
 <use roof3.jpg>
Package pdftex.def Info: roof3.jpg used on input line 162.
(pdftex.def)             Requested size: 563.70454pt x 316.52771pt.

Overfull \hbox (93.94955pt too wide) in paragraph at lines 160--163
 [][]  
 []


Overfull \hbox (93.94955pt too wide) in paragraph at lines 160--163
 [] 
 []

[17 <./roof1.jpg> <./roof2.jpg>] [18 <./roof3.jpg>]
<building1.jpg, id=108, 772.8875pt x 553.06625pt>
File: building1.jpg Graphic file (type jpg)
 <use building1.jpg>
Package pdftex.def Info: building1.jpg used on input line 179.
(pdftex.def)             Requested size: 563.70454pt x 403.38055pt.

Overfull \hbox (93.94955pt too wide) in paragraph at lines 179--180
 [] 
 []

<building2.jpg, id=109, 772.8875pt x 553.06625pt>
File: building2.jpg Graphic file (type jpg)
 <use building2.jpg>
Package pdftex.def Info: building2.jpg used on input line 181.
(pdftex.def)             Requested size: 563.70454pt x 403.38055pt.

<building3.jpg, id=110, 588.1975pt x 610.28pt>
File: building3.jpg Graphic file (type jpg)
 <use building3.jpg>
Package pdftex.def Info: building3.jpg used on input line 183.
(pdftex.def)             Requested size: 469.75499pt x 487.39587pt.

Overfull \hbox (93.94955pt too wide) in paragraph at lines 181--184
 [][]  
 []

[19 <./building1.jpg>] [20 <./building2.jpg>] [21 <./building3.jpg>]
<uttower1.jpg, id=124, 1094.0875pt x 392.46625pt>
File: uttower1.jpg Graphic file (type jpg)
 <use uttower1.jpg>
Package pdftex.def Info: uttower1.jpg used on input line 201.
(pdftex.def)             Requested size: 563.70454pt x 202.2092pt.

Overfull \hbox (93.94955pt too wide) in paragraph at lines 201--202
 [] 
 []

<uttower2.jpg, id=125, 1094.0875pt x 392.46625pt>
File: uttower2.jpg Graphic file (type jpg)
 <use uttower2.jpg>
Package pdftex.def Info: uttower2.jpg used on input line 203.
(pdftex.def)             Requested size: 563.70454pt x 202.2092pt.

<uttower3.jpg, id=126, 827.09pt x 401.5pt>
File: uttower3.jpg Graphic file (type jpg)
 <use uttower3.jpg>
Package pdftex.def Info: uttower3.jpg used on input line 205.
(pdftex.def)             Requested size: 563.70454pt x 273.6474pt.

Overfull \hbox (93.94955pt too wide) in paragraph at lines 203--206
 [][]  
 []


Overfull \hbox (93.94955pt too wide) in paragraph at lines 203--206
 [] 
 []

[22 <./uttower1.jpg> <./uttower2.jpg>] [23 <./uttower3.jpg>]
File: computeMatches.m  (verbatim)
 [24]
File: ransac.m  (verbatim)
 [25] [26]
(./affine_transformation.txt) [27]
Package atveryend Info: Empty hook `BeforeClearDocument' on input line 237.
Package atveryend Info: Empty hook `AfterLastShipout' on input line 237.
 (./p3_solution.aux)
Package atveryend Info: Executing hook `AtVeryEndDocument' on input line 237.
Package atveryend Info: Executing hook `AtEndAfterFileList' on input line 237.
Package rerunfilecheck Info: File `p3_solution.out' has not changed.
(rerunfilecheck)             Checksum: D41D8CD98F00B204E9800998ECF8427E;0.
Package atveryend Info: Empty hook `AtVeryVeryEnd' on input line 237.
 ) 
Here is how much of TeX's memory you used:
 7761 strings out of 493014
 114766 string characters out of 6133352
 202047 words of memory out of 5000000
 11166 multiletter control sequences out of 15000+600000
 5420 words of font info for 20 fonts, out of 8000000 for 9000
 1141 hyphenation exceptions out of 8191
 44i,6n,42p,247b,447s stack positions out of 5000i,500n,10000p,200000b,80000s
</usr/local/texlive/2016/texmf-dist/fonts/type1/public/amsfonts/cm/cmbx10.pfb
></usr/local/texlive/2016/texmf-dist/fonts/type1/public/amsfonts/cm/cmbx12.pfb>
</usr/local/texlive/2016/texmf-dist/fonts/type1/public/amsfonts/cm/cmr10.pfb></
usr/local/texlive/2016/texmf-dist/fonts/type1/public/amsfonts/cm/cmr12.pfb></us
r/local/texlive/2016/texmf-dist/fonts/type1/public/amsfonts/cm/cmsl10.pfb></usr
/local/texlive/2016/texmf-dist/fonts/type1/public/amsfonts/cm/cmti10.pfb></usr/
local/texlive/2016/texmf-dist/fonts/type1/public/amsfonts/cm/cmtt10.pfb>
Output written on p3_solution.pdf (27 pages, 1937312 bytes).
PDF statistics:
 184 PDF objects out of 1000 (max. 8388607)
 118 compressed objects within 2 object streams
 28 named destinations out of 1000 (max. 500000)
 141 words of extra memory for PDF output out of 10000 (max. 10000000)

