This is pdfTeX, Version 3.14159265-2.6-1.40.17 (TeX Live 2016) (preloaded format=pdflatex 2016.9.6)  29 SEP 2016 11:50
entering extended mode
 restricted \write18 enabled.
 file:line:error style messages enabled.
 %&-line parsing enabled.
**solution.tex
(./solution.tex
LaTeX2e <2016/03/31>
Babel <3.9r> and hyphenation patterns for 83 language(s) loaded.
(/usr/local/texlive/2016/texmf-dist/tex/latex/base/article.cls
Document Class: article 2014/09/29 v1.4h Standard LaTeX document class
(/usr/local/texlive/2016/texmf-dist/tex/latex/base/size10.clo
File: size10.clo 2014/09/29 v1.4h Standard LaTeX file (size option)
)
\c@part=\count79
\c@section=\count80
\c@subsection=\count81
\c@subsubsection=\count82
\c@paragraph=\count83
\c@subparagraph=\count84
\c@figure=\count85
\c@table=\count86
\abovecaptionskip=\skip41
\belowcaptionskip=\skip42
\bibindent=\dimen102
)
(/usr/local/texlive/2016/texmf-dist/tex/latex/geometry/geometry.sty
Package: geometry 2010/09/12 v5.6 Page Geometry

(/usr/local/texlive/2016/texmf-dist/tex/latex/graphics/keyval.sty
Package: keyval 2014/10/28 v1.15 key=value parser (DPC)
\KV@toks@=\toks14
)
(/usr/local/texlive/2016/texmf-dist/tex/generic/oberdiek/ifpdf.sty
Package: ifpdf 2016/05/14 v3.1 Provides the ifpdf switch
)
(/usr/local/texlive/2016/texmf-dist/tex/generic/oberdiek/ifvtex.sty
Package: ifvtex 2016/05/16 v1.6 Detect VTeX and its facilities (HO)
Package ifvtex Info: VTeX not detected.
)
(/usr/local/texlive/2016/texmf-dist/tex/generic/ifxetex/ifxetex.sty
Package: ifxetex 2010/09/12 v0.6 Provides ifxetex conditional
)
\Gm@cnth=\count87
\Gm@cntv=\count88
\c@Gm@tempcnt=\count89
\Gm@bindingoffset=\dimen103
\Gm@wd@mp=\dimen104
\Gm@odd@mp=\dimen105
\Gm@even@mp=\dimen106
\Gm@layoutwidth=\dimen107
\Gm@layoutheight=\dimen108
\Gm@layouthoffset=\dimen109
\Gm@layoutvoffset=\dimen110
\Gm@dimlist=\toks15
)
(/usr/local/texlive/2016/texmf-dist/tex/latex/datetime/datetime.sty
Package: datetime 2015/03/20 v2.60 Date Time Package

(/usr/local/texlive/2016/texmf-dist/tex/latex/etoolbox/etoolbox.sty
Package: etoolbox 2015/08/02 v2.2a e-TeX tools for LaTeX (JAW)
\etb@tempcnta=\count90
)
(/usr/local/texlive/2016/texmf-dist/tex/latex/fmtcount/fmtcount.sty
Package: fmtcount 2015/05/05 v3.01

(/usr/local/texlive/2016/texmf-dist/tex/latex/base/ifthen.sty
Package: ifthen 2014/09/29 v1.1c Standard LaTeX ifthen package (DPC)
)
(/usr/local/texlive/2016/texmf-dist/tex/latex/xkeyval/xkeyval.sty
Package: xkeyval 2014/12/03 v2.7a package option processing (HA)

(/usr/local/texlive/2016/texmf-dist/tex/generic/xkeyval/xkeyval.tex
(/usr/local/texlive/2016/texmf-dist/tex/generic/xkeyval/xkvutils.tex
\XKV@toks=\toks16
\XKV@tempa@toks=\toks17
)
\XKV@depth=\count91
File: xkeyval.tex 2014/12/03 v2.7a key=value parser (HA)
))
(/usr/local/texlive/2016/texmf-dist/tex/latex/fmtcount/fcprefix.sty
Package: fcprefix 2012/09/28

(/usr/local/texlive/2016/texmf-dist/tex/latex/fmtcount/fcnumparser.sty
Package: fcnumparser 2012/09/28
\fc@digit@counter=\count92
))
(/usr/local/texlive/2016/texmf-dist/tex/latex/amsmath/amsgen.sty
File: amsgen.sty 1999/11/30 v2.0 generic functions
\@emptytoks=\toks18
\ex@=\dimen111
)
\c@padzeroesN=\count93
\fc@tmpcatcode=\count94
\@DT@modctr=\count95
\@ordinalctr=\count96
\@orgargctr=\count97
\@strctr=\count98
\@tmpstrctr=\count99
\@DT@loopN=\count100
\@DT@X=\count101

(/usr/local/texlive/2016/texmf-dist/tex/latex/fmtcount/fc-english.def
File: fc-english.def 2013/08/17
))
(/usr/local/texlive/2016/texmf-dist/tex/latex/datetime/datetime-defaults.sty
Package: datetime-defaults 2013/09/10
)
\@day=\count102
\@month=\count103
\@year=\count104
\c@HOUR=\count105
\c@HOURXII=\count106
\c@MINUTE=\count107
\c@TOHOUR=\count108
\c@TOMINUTE=\count109
\c@SECOND=\count110
\currenthour=\count111
\currentminute=\count112
\currentsecond=\count113
Package datetime Info: No datetime.cfg file found, using default settings on in
put line 308.
\@dtctr=\count114
\dayofyear=\count115
\dayofweek=\count116
LaTeX Info: Redefining \today on input line 736.
\dt@a=\toks19
\dt@b=\toks20
)
(/usr/local/texlive/2016/texmf-dist/tex/latex/natbib/natbib.sty
Package: natbib 2010/09/13 8.31b (PWD, AO)
\bibhang=\skip43
\bibsep=\skip44
LaTeX Info: Redefining \cite on input line 694.
\c@NAT@ctr=\count117
)
(/usr/local/texlive/2016/texmf-dist/tex/latex/psnfss/palatino.sty
Package: palatino 2005/04/12 PSNFSS-v9.2a (SPQR) 
)
(/usr/local/texlive/2016/texmf-dist/tex/latex/tools/verbatim.sty
Package: verbatim 2014/10/28 v1.5q LaTeX2e package for verbatim enhancements
\every@verbatim=\toks21
\verbatim@line=\toks22
\verbatim@in@stream=\read1
)
(/usr/local/texlive/2016/texmf-dist/tex/generic/ulem/ulem.sty
\UL@box=\box26
\UL@hyphenbox=\box27
\UL@skip=\skip45
\UL@hook=\toks23
\UL@height=\dimen112
\UL@pe=\count118
\UL@pixel=\dimen113
\ULC@box=\box28
Package: ulem 2012/05/18
\ULdepth=\dimen114
)
(/usr/local/texlive/2016/texmf-dist/tex/latex/tools/array.sty
Package: array 2014/10/28 v2.4c Tabular extension package (FMi)
\col@sep=\dimen115
\extrarowheight=\dimen116
\NC@list=\toks24
\extratabsurround=\skip46
\backup@length=\skip47
)
(/usr/local/texlive/2016/texmf-dist/tex/latex/changepage/chngpage.sty
Package: chngpage 2009/10/20 v1.2b change page layout
\c@cp@cnt=\count119
\c@cp@tempcnt=\count120
)
(/usr/local/texlive/2016/texmf-dist/tex/latex/stmaryrd/stmaryrd.sty
Package: stmaryrd 1994/03/03 St Mary's Road symbol package
\symstmry=\mathgroup4
LaTeX Font Info:    Overwriting symbol font `stmry' in version `bold'
(Font)                  U/stmry/m/n --> U/stmry/b/n on input line 89.
)
(/usr/local/texlive/2016/texmf-dist/tex/latex/amsfonts/amssymb.sty
Package: amssymb 2013/01/14 v3.01 AMS font symbols

(/usr/local/texlive/2016/texmf-dist/tex/latex/amsfonts/amsfonts.sty
Package: amsfonts 2013/01/14 v3.01 Basic AMSFonts support
\symAMSa=\mathgroup5
\symAMSb=\mathgroup6
LaTeX Font Info:    Overwriting math alphabet `\mathfrak' in version `bold'
(Font)                  U/euf/m/n --> U/euf/b/n on input line 106.
)
LaTeX Font Info:    Redeclaring math symbol \boxdot on input line 44.
)
(/usr/local/texlive/2016/texmf-dist/tex/latex/amsmath/amsmath.sty
Package: amsmath 2016/03/10 v2.15b AMS math features
\@mathmargin=\skip48

For additional information on amsmath, use the `?' option.
(/usr/local/texlive/2016/texmf-dist/tex/latex/amsmath/amstext.sty
Package: amstext 2000/06/29 v2.01 AMS text
)
(/usr/local/texlive/2016/texmf-dist/tex/latex/amsmath/amsbsy.sty
Package: amsbsy 1999/11/29 v1.2d Bold Symbols
\pmbraise@=\dimen117
)
(/usr/local/texlive/2016/texmf-dist/tex/latex/amsmath/amsopn.sty
Package: amsopn 2016/03/08 v2.02 operator names
)
\inf@bad=\count121
LaTeX Info: Redefining \frac on input line 199.
\uproot@=\count122
\leftroot@=\count123
LaTeX Info: Redefining \overline on input line 297.
\classnum@=\count124
\DOTSCASE@=\count125
LaTeX Info: Redefining \ldots on input line 394.
LaTeX Info: Redefining \dots on input line 397.
LaTeX Info: Redefining \cdots on input line 518.
\Mathstrutbox@=\box29
\strutbox@=\box30
\big@size=\dimen118
LaTeX Font Info:    Redeclaring font encoding OML on input line 634.
LaTeX Font Info:    Redeclaring font encoding OMS on input line 635.
\macc@depth=\count126
\c@MaxMatrixCols=\count127
\dotsspace@=\muskip10
\c@parentequation=\count128
\dspbrk@lvl=\count129
\tag@help=\toks25
\row@=\count130
\column@=\count131
\maxfields@=\count132
\andhelp@=\toks26
\eqnshift@=\dimen119
\alignsep@=\dimen120
\tagshift@=\dimen121
\tagwidth@=\dimen122
\totwidth@=\dimen123
\lineht@=\dimen124
\@envbody=\toks27
\multlinegap=\skip49
\multlinetaggap=\skip50
\mathdisplay@stack=\toks28
LaTeX Info: Redefining \[ on input line 2739.
LaTeX Info: Redefining \] on input line 2740.
)
(/usr/local/texlive/2016/texmf-dist/tex/latex/graphics/graphicx.sty
Package: graphicx 2014/10/28 v1.0g Enhanced LaTeX Graphics (DPC,SPQR)

(/usr/local/texlive/2016/texmf-dist/tex/latex/graphics/graphics.sty
Package: graphics 2016/05/09 v1.0r Standard LaTeX Graphics (DPC,SPQR)

(/usr/local/texlive/2016/texmf-dist/tex/latex/graphics/trig.sty
Package: trig 2016/01/03 v1.10 sin cos tan (DPC)
)
(/usr/local/texlive/2016/texmf-dist/tex/latex/graphics-cfg/graphics.cfg
File: graphics.cfg 2016/01/02 v1.10 sample graphics configuration
)
Package graphics Info: Driver file: pdftex.def on input line 96.

(/usr/local/texlive/2016/texmf-dist/tex/latex/pdftex-def/pdftex.def
File: pdftex.def 2011/05/27 v0.06d Graphics/color for pdfTeX

(/usr/local/texlive/2016/texmf-dist/tex/generic/oberdiek/infwarerr.sty
Package: infwarerr 2016/05/16 v1.4 Providing info/warning/error messages (HO)
)
(/usr/local/texlive/2016/texmf-dist/tex/generic/oberdiek/ltxcmds.sty
Package: ltxcmds 2016/05/16 v1.23 LaTeX kernel commands for general use (HO)
)
\Gread@gobject=\count133
))
\Gin@req@height=\dimen125
\Gin@req@width=\dimen126
)
(/usr/local/texlive/2016/texmf-dist/tex/latex/graphics/lscape.sty
Package: lscape 2000/10/22 v3.01 Landscape Pages (DPC)
)
(/usr/local/texlive/2016/texmf-dist/tex/latex/subfigure/subfigure.sty
Package: subfigure 2002/03/15 v2.1.5 subfigure package
\subfigtopskip=\skip51
\subfigcapskip=\skip52
\subfigcaptopadj=\dimen127
\subfigbottomskip=\skip53
\subfigcapmargin=\dimen128
\subfiglabelskip=\skip54
\c@subfigure=\count134
\c@lofdepth=\count135
\c@subtable=\count136
\c@lotdepth=\count137

****************************************
* Local config file subfigure.cfg used *
****************************************
(/usr/local/texlive/2016/texmf-dist/tex/latex/subfigure/subfigure.cfg)
\subfig@top=\skip55
\subfig@bottom=\skip56
)
(/usr/local/texlive/2016/texmf-dist/tex/latex/graphics/color.sty
Package: color 2016/05/09 v1.1c Standard LaTeX Color (DPC)

(/usr/local/texlive/2016/texmf-dist/tex/latex/graphics-cfg/color.cfg
File: color.cfg 2016/01/02 v1.6 sample color configuration
)
Package color Info: Driver file: pdftex.def on input line 144.

(/usr/local/texlive/2016/texmf-dist/tex/latex/graphics/dvipsnam.def
File: dvipsnam.def 2015/12/30 v3.0k Driver-dependent file (DPC,SPQR)
))
(/usr/local/texlive/2016/texmf-dist/tex/latex/hyperref/hyperref.sty
Package: hyperref 2016/05/05 v6.83n Hypertext links for LaTeX

(/usr/local/texlive/2016/texmf-dist/tex/generic/oberdiek/hobsub-hyperref.sty
Package: hobsub-hyperref 2016/05/16 v1.14 Bundle oberdiek, subset hyperref (HO)


(/usr/local/texlive/2016/texmf-dist/tex/generic/oberdiek/hobsub-generic.sty
Package: hobsub-generic 2016/05/16 v1.14 Bundle oberdiek, subset generic (HO)
Package: hobsub 2016/05/16 v1.14 Construct package bundles (HO)
Package hobsub Info: Skipping package `infwarerr' (already loaded).
Package hobsub Info: Skipping package `ltxcmds' (already loaded).
Package: ifluatex 2016/05/16 v1.4 Provides the ifluatex switch (HO)
Package ifluatex Info: LuaTeX not detected.
Package hobsub Info: Skipping package `ifvtex' (already loaded).
Package: intcalc 2016/05/16 v1.2 Expandable calculations with integers (HO)
Package hobsub Info: Skipping package `ifpdf' (already loaded).
Package: etexcmds 2016/05/16 v1.6 Avoid name clashes with e-TeX commands (HO)
Package etexcmds Info: Could not find \expanded.
(etexcmds)             That can mean that you are not using pdfTeX 1.50 or
(etexcmds)             that some package has redefined \expanded.
(etexcmds)             In the latter case, load this package earlier.
Package: kvsetkeys 2016/05/16 v1.17 Key value parser (HO)
Package: kvdefinekeys 2016/05/16 v1.4 Define keys (HO)
Package: pdftexcmds 2016/05/10 v0.21 Utility functions of pdfTeX for LuaTeX (HO
)
Package pdftexcmds Info: LuaTeX not detected.
Package pdftexcmds Info: \pdf@primitive is available.
Package pdftexcmds Info: \pdf@ifprimitive is available.
Package pdftexcmds Info: \pdfdraftmode found.
Package: pdfescape 2016/05/16 v1.14 Implements pdfTeX's escape features (HO)
Package: bigintcalc 2016/05/16 v1.4 Expandable calculations on big integers (HO
)
Package: bitset 2016/05/16 v1.2 Handle bit-vector datatype (HO)
Package: uniquecounter 2016/05/16 v1.3 Provide unlimited unique counter (HO)
)
Package hobsub Info: Skipping package `hobsub' (already loaded).
Package: letltxmacro 2016/05/16 v1.5 Let assignment for LaTeX macros (HO)
Package: hopatch 2016/05/16 v1.3 Wrapper for package hooks (HO)
Package: xcolor-patch 2016/05/16 xcolor patch
Package: atveryend 2016/05/16 v1.9 Hooks at the very end of document (HO)
Package: atbegshi 2016/05/16 v1.17 At begin shipout hook (HO)
Package: refcount 2016/05/16 v3.5 Data extraction from label references (HO)
Package: hycolor 2016/05/16 v1.8 Color options for hyperref/bookmark (HO)
)
(/usr/local/texlive/2016/texmf-dist/tex/latex/oberdiek/auxhook.sty
Package: auxhook 2016/05/16 v1.4 Hooks for auxiliary files (HO)
)
(/usr/local/texlive/2016/texmf-dist/tex/latex/oberdiek/kvoptions.sty
Package: kvoptions 2016/05/16 v3.12 Key value format for package options (HO)
)
\@linkdim=\dimen129
\Hy@linkcounter=\count138
\Hy@pagecounter=\count139

(/usr/local/texlive/2016/texmf-dist/tex/latex/hyperref/pd1enc.def
File: pd1enc.def 2016/05/05 v6.83n Hyperref: PDFDocEncoding definition (HO)
)
\Hy@SavedSpaceFactor=\count140

(/usr/local/texlive/2016/texmf-dist/tex/latex/latexconfig/hyperref.cfg
File: hyperref.cfg 2002/06/06 v1.2 hyperref configuration of TeXLive
)
Package hyperref Info: Option `colorlinks' set `true' on input line 4322.
Package hyperref Info: Hyper figures OFF on input line 4446.
Package hyperref Info: Link nesting OFF on input line 4451.
Package hyperref Info: Hyper index ON on input line 4454.
Package hyperref Info: Plain pages OFF on input line 4461.
Package hyperref Info: Backreferencing OFF on input line 4466.
Package hyperref Info: Implicit mode ON; LaTeX internals redefined.
Package hyperref Info: Bookmarks ON on input line 4691.
\c@Hy@tempcnt=\count141

(/usr/local/texlive/2016/texmf-dist/tex/latex/url/url.sty
\Urlmuskip=\muskip11
Package: url 2013/09/16  ver 3.4  Verb mode for urls, etc.
)
LaTeX Info: Redefining \url on input line 5044.
\XeTeXLinkMargin=\dimen130
\Fld@menulength=\count142
\Field@Width=\dimen131
\Fld@charsize=\dimen132
Package hyperref Info: Hyper figures OFF on input line 6298.
Package hyperref Info: Link nesting OFF on input line 6303.
Package hyperref Info: Hyper index ON on input line 6306.
Package hyperref Info: backreferencing OFF on input line 6313.
Package hyperref Info: Link coloring ON on input line 6316.
Package hyperref Info: Link coloring with OCG OFF on input line 6323.
Package hyperref Info: PDF/A mode OFF on input line 6328.
LaTeX Info: Redefining \ref on input line 6368.
LaTeX Info: Redefining \pageref on input line 6372.
\Hy@abspage=\count143
\c@Item=\count144
\c@Hfootnote=\count145
)

Package hyperref Message: Driver (autodetected): hpdftex.

(/usr/local/texlive/2016/texmf-dist/tex/latex/hyperref/hpdftex.def
File: hpdftex.def 2016/05/05 v6.83n Hyperref driver for pdfTeX
\Fld@listcount=\count146
\c@bookmark@seq@number=\count147

(/usr/local/texlive/2016/texmf-dist/tex/latex/oberdiek/rerunfilecheck.sty
Package: rerunfilecheck 2016/05/16 v1.8 Rerun checks for auxiliary files (HO)
Package uniquecounter Info: New unique counter `rerunfilecheck' on input line 2
82.
)
\Hy@SectionHShift=\skip57
)
(./solution.aux)
\openout1 = `solution.aux'.

LaTeX Font Info:    Checking defaults for OML/cmm/m/it on input line 61.
LaTeX Font Info:    ... okay on input line 61.
LaTeX Font Info:    Checking defaults for T1/cmr/m/n on input line 61.
LaTeX Font Info:    ... okay on input line 61.
LaTeX Font Info:    Checking defaults for OT1/cmr/m/n on input line 61.
LaTeX Font Info:    ... okay on input line 61.
LaTeX Font Info:    Checking defaults for OMS/cmsy/m/n on input line 61.
LaTeX Font Info:    ... okay on input line 61.
LaTeX Font Info:    Checking defaults for OMX/cmex/m/n on input line 61.
LaTeX Font Info:    ... okay on input line 61.
LaTeX Font Info:    Checking defaults for U/cmr/m/n on input line 61.
LaTeX Font Info:    ... okay on input line 61.
LaTeX Font Info:    Checking defaults for PD1/pdf/m/n on input line 61.
LaTeX Font Info:    ... okay on input line 61.
LaTeX Font Info:    Try loading font information for OT1+ppl on input line 61.
 (/usr/local/texlive/2016/texmf-dist/tex/latex/psnfss/ot1ppl.fd
File: ot1ppl.fd 2001/06/04 font definitions for OT1/ppl.
)
*geometry* driver: auto-detecting
*geometry* detected driver: pdftex
*geometry* verbose mode - [ preamble ] result:
* driver: pdftex
* paper: letterpaper
* layout: <same size as paper>
* layoutoffset:(h,v)=(0.0pt,0.0pt)
* modes: 
* h-part:(L,W,R)=(72.26999pt, 469.75502pt, 72.26999pt)
* v-part:(T,H,B)=(72.26999pt, 650.43001pt, 72.26999pt)
* \paperwidth=614.295pt
* \paperheight=794.96999pt
* \textwidth=469.75502pt
* \textheight=650.43001pt
* \oddsidemargin=0.0pt
* \evensidemargin=0.0pt
* \topmargin=-37.0pt
* \headheight=12.0pt
* \headsep=25.0pt
* \topskip=10.0pt
* \footskip=30.0pt
* \marginparwidth=65.0pt
* \marginparsep=11.0pt
* \columnsep=10.0pt
* \skip\footins=9.0pt plus 4.0pt minus 2.0pt
* \hoffset=0.0pt
* \voffset=0.0pt
* \mag=1000
* \@twocolumnfalse
* \@twosidefalse
* \@mparswitchfalse
* \@reversemarginfalse
* (1in=72.27pt=25.4mm, 1cm=28.453pt)

(/usr/local/texlive/2016/texmf-dist/tex/context/base/mkii/supp-pdf.mkii
[Loading MPS to PDF converter (version 2006.09.02).]
\scratchcounter=\count148
\scratchdimen=\dimen133
\scratchbox=\box31
\nofMPsegments=\count149
\nofMParguments=\count150
\everyMPshowfont=\toks29
\MPscratchCnt=\count151
\MPscratchDim=\dimen134
\MPnumerator=\count152
\makeMPintoPDFobject=\count153
\everyMPtoPDFconversion=\toks30
) (/usr/local/texlive/2016/texmf-dist/tex/latex/oberdiek/epstopdf-base.sty
Package: epstopdf-base 2016/05/15 v2.6 Base part for package epstopdf

(/usr/local/texlive/2016/texmf-dist/tex/latex/oberdiek/grfext.sty
Package: grfext 2016/05/16 v1.2 Manage graphics extensions (HO)
)
Package grfext Info: Graphics extension search list:
(grfext)             [.png,.pdf,.jpg,.mps,.jpeg,.jbig2,.jb2,.PNG,.PDF,.JPG,.JPE
G,.JBIG2,.JB2,.eps]
(grfext)             \AppendGraphicsExtensions on input line 456.

(/usr/local/texlive/2016/texmf-dist/tex/latex/latexconfig/epstopdf-sys.cfg
File: epstopdf-sys.cfg 2010/07/13 v1.3 Configuration of (r)epstopdf for TeX Liv
e
))
\AtBeginShipoutBox=\box32
Package hyperref Info: Link coloring ON on input line 61.

(/usr/local/texlive/2016/texmf-dist/tex/latex/hyperref/nameref.sty
Package: nameref 2012/10/27 v2.43 Cross-referencing by name of section

(/usr/local/texlive/2016/texmf-dist/tex/generic/oberdiek/gettitlestring.sty
Package: gettitlestring 2016/05/16 v1.5 Cleanup title references (HO)
)
\c@section@level=\count154
)
LaTeX Info: Redefining \ref on input line 61.
LaTeX Info: Redefining \pageref on input line 61.
LaTeX Info: Redefining \nameref on input line 61.

(./solution.out) (./solution.out)
\@outlinefile=\write3
\openout3 = `solution.out'.

LaTeX Font Info:    Font shape `OT1/ppl/bx/n' in size <17.28> not available
(Font)              Font shape `OT1/ppl/b/n' tried instead on input line 63.
LaTeX Font Info:    Try loading font information for U+stmry on input line 63.

(/usr/local/texlive/2016/texmf-dist/tex/latex/stmaryrd/Ustmry.fd)
LaTeX Font Info:    Try loading font information for U+msa on input line 63.

(/usr/local/texlive/2016/texmf-dist/tex/latex/amsfonts/umsa.fd
File: umsa.fd 2013/01/14 v3.01 AMS symbols A
)
LaTeX Font Info:    Try loading font information for U+msb on input line 63.

(/usr/local/texlive/2016/texmf-dist/tex/latex/amsfonts/umsb.fd
File: umsb.fd 2013/01/14 v3.01 AMS symbols B
)

LaTeX Warning: No \author given.

LaTeX Font Info:    Font shape `OT1/ppl/bx/n' in size <14.4> not available
(Font)              Font shape `OT1/ppl/b/n' tried instead on input line 64.
LaTeX Font Info:    Font shape `OT1/ppl/bx/n' in size <10> not available
(Font)              Font shape `OT1/ppl/b/n' tried instead on input line 67.

Underfull \hbox (badness 10000) in paragraph at lines 65--69

 []


Underfull \hbox (badness 10000) in paragraph at lines 65--69

 []


<../output/prokudin-gorskii/00125-aligned.jpg, id=16, 342.27875pt x 283.0575pt>
File: ../output/prokudin-gorskii/00125-aligned.jpg Graphic file (type jpg)
<use ../output/prokudin-gorskii/00125-aligned.jpg>
Package pdftex.def Info: ../output/prokudin-gorskii/00125-aligned.jpg used on i
nput line 74.
(pdftex.def)             Requested size: 216.81pt x 179.30327pt.

<../output/prokudin-gorskii/00149-aligned.jpg, id=17, 339.2675pt x 283.0575pt>
File: ../output/prokudin-gorskii/00149-aligned.jpg Graphic file (type jpg)

<use ../output/prokudin-gorskii/00149-aligned.jpg>
Package pdftex.def Info: ../output/prokudin-gorskii/00149-aligned.jpg used on i
nput line 74.
(pdftex.def)             Requested size: 216.81pt x 180.88838pt.

<../output/prokudin-gorskii/00153-aligned.jpg, id=18, 336.25626pt x 283.0575pt>
File: ../output/prokudin-gorskii/00153-aligned.jpg Graphic file (type jpg)
<use ../output/prokudin-gorskii/00153-aligned.jpg>
Package pdftex.def Info: ../output/prokudin-gorskii/00153-aligned.jpg used on i
nput line 80.
(pdftex.def)             Requested size: 216.81pt x 182.50804pt.

<../output/prokudin-gorskii/00351-aligned.jpg, id=19, 338.26375pt x 283.0575pt>
File: ../output/prokudin-gorskii/00351-aligned.jpg Graphic file (type jpg)
<use ../output/prokudin-gorskii/00351-aligned.jpg>
Package pdftex.def Info: ../output/prokudin-gorskii/00351-aligned.jpg used on i
nput line 80.
(pdftex.def)             Requested size: 216.81pt x 181.42827pt.

<../output/prokudin-gorskii/00398-aligned.jpg, id=20, 339.2675pt x 283.0575pt>
File: ../output/prokudin-gorskii/00398-aligned.jpg Graphic file (type jpg)

<use ../output/prokudin-gorskii/00398-aligned.jpg>
Package pdftex.def Info: ../output/prokudin-gorskii/00398-aligned.jpg used on i
nput line 86.
(pdftex.def)             Requested size: 216.81pt x 180.88838pt.

<../output/prokudin-gorskii/01112-aligned.jpg, id=21, 335.2525pt x 283.0575pt>
File: ../output/prokudin-gorskii/01112-aligned.jpg Graphic file (type jpg)

<use ../output/prokudin-gorskii/01112-aligned.jpg>
Package pdftex.def Info: ../output/prokudin-gorskii/01112-aligned.jpg used on i
nput line 86.
(pdftex.def)             Requested size: 216.81pt x 183.05226pt.
 [1

{/usr/local/texlive/2016/texmf-var/fonts/map/pdftex/updmap/pdftex.map} <../outp
ut/prokudin-gorskii/00125-aligned.jpg> <../output/prokudin-gorskii/00149-aligne
d.jpg>] [2 <../output/prokudin-gorskii/00153-aligned.jpg> <../output/prokudin-g
orskii/00351-aligned.jpg> <../output/prokudin-gorskii/00398-aligned.jpg> <../ou
tput/prokudin-gorskii/01112-aligned.jpg>]
Underfull \hbox (badness 10000) in paragraph at lines 90--91

 []

LaTeX Font Info:    Try loading font information for OT1+pcr on input line 91.
(/usr/local/texlive/2016/texmf-dist/tex/latex/psnfss/ot1pcr.fd
File: ot1pcr.fd 2001/06/04 font definitions for OT1/pcr.
)
File: alignChannels.m  (verbatim)

Overfull \hbox (10.24498pt too wide) in paragraph at lines 91--91
[]\OT1/pcr/m/n/10 %   [IMSHIFT, PREDSHIFT] = ALIGNCHANNELS(IM, MAXSHIFT) aligns
 the channels in an[] 
 []

[3] [4]
Underfull \hbox (badness 10000) in paragraph at lines 94--95

 []

File: evalOutput.txt  (verbatim)

Underfull \hbox (badness 10000) in paragraph at lines 97--98

 []

File: alignProkudinOutput.txt  (verbatim)
[5]
Underfull \hbox (badness 10000) in paragraph at lines 102--103

 []

File: demosaicimage.m  (verbatim)

Overfull \hbox (4.24498pt too wide) in paragraph at lines 103--103
[]\OT1/pcr/m/n/10 mosim(1:2:imageHeight, 1:2:imageWidth,1) = im(1:2:imageHeight
, 1:2:imageWidth);[] 
 []


Overfull \hbox (4.24498pt too wide) in paragraph at lines 103--103
[]\OT1/pcr/m/n/10 mosim(2:2:imageHeight, 2:2:imageWidth,3) = im(2:2:imageHeight
, 2:2:imageWidth);[] 
 []

[6]
Overfull \hbox (124.24498pt too wide) in paragraph at lines 103--103
[]\OT1/pcr/m/n/10 mosim = ones(imageHeight, imageWidth, 3)*(-1); %create mosim 
array of same size as that of im array[] 
 []


Overfull \hbox (34.24498pt too wide) in paragraph at lines 103--103
[]\OT1/pcr/m/n/10 blue_channel(2:2:imageHeight, 2:2:imageWidth) = im(2:2:imageH
eight, 2:2:imageWidth);[] 
 []


Overfull \hbox (334.24498pt too wide) in paragraph at lines 103--103
[]\OT1/pcr/m/n/10 green_channel(2:2:imageHeight, 2:2:imageWidth) = -1; %replace
 green_channel values at these places to -1 as there are no green values.[] 
 []


Overfull \hbox (28.24498pt too wide) in paragraph at lines 103--103
[]\OT1/pcr/m/n/10 red_channel(1:2:imageHeight, 1:2:imageWidth) = im(1:2:imageHe
ight, 1:2:imageWidth);[] 
 []


Overfull \hbox (334.24498pt too wide) in paragraph at lines 103--103
[]\OT1/pcr/m/n/10 green_channel(1:2:imageHeight, 1:2:imageWidth) = -1; %replace
 green_channel values at these places to -1 as there are no green values.[] 
 []


Overfull \hbox (10.24498pt too wide) in paragraph at lines 103--103
[]        \OT1/pcr/m/n/10 %values. Pixel at the i+1th location is chosen as the
 Nearest neighbour.[] 
 []


Overfull \hbox (106.24498pt too wide) in paragraph at lines 103--103
[]        \OT1/pcr/m/n/10 %For the boundary condition at the very bottom of the
 image, nearest neighbour is chosen[] 
 []

[7] [8]
Overfull \hbox (34.24498pt too wide) in paragraph at lines 103--103
[]\OT1/pcr/m/n/10 blue_channel(2:2:imageHeight, 2:2:imageWidth) = im(2:2:imageH
eight, 2:2:imageWidth);[] 
 []


Overfull \hbox (28.24498pt too wide) in paragraph at lines 103--103
[]\OT1/pcr/m/n/10 red_channel(1:2:imageHeight, 1:2:imageWidth) = im(1:2:imageHe
ight, 1:2:imageWidth);[] 
 []


Overfull \hbox (28.24498pt too wide) in paragraph at lines 103--103
[]        \OT1/pcr/m/n/10 %calculating the average value of surrounding pixels 
with values other than[] 
 []

[9]
Overfull \hbox (34.24498pt too wide) in paragraph at lines 103--103
[]\OT1/pcr/m/n/10 blue_channel(2:2:imageHeight, 2:2:imageWidth) = im(2:2:imageH
eight, 2:2:imageWidth);[] 
 []


Overfull \hbox (28.24498pt too wide) in paragraph at lines 103--103
[]\OT1/pcr/m/n/10 red_channel(1:2:imageHeight, 1:2:imageWidth) = im(1:2:imageHe
ight, 1:2:imageWidth);[] 
 []


Overfull \hbox (88.24498pt too wide) in paragraph at lines 103--103
[]        \OT1/pcr/m/n/10 %processing green channel. For the border pixels of g
reen channel, I am using average[] 
 []

[10]
Overfull \hbox (100.24498pt too wide) in paragraph at lines 103--103
[]                 \OT1/pcr/m/n/10 if abs(mosim(i-1,j,2) - mosim(i+1,j,2)) > ab
s(mosim(i,j+1,2) - mosim(i,j-1,2))[] 
 []


Overfull \hbox (4.24498pt too wide) in paragraph at lines 103--103
[]                     \OT1/pcr/m/n/10 temp_mosim(i,j,2) = (mosim(i,j+1,2) + mo
sim(i,j-1,2))/2.0;[] 
 []


Overfull \hbox (4.24498pt too wide) in paragraph at lines 103--103
[]                     \OT1/pcr/m/n/10 temp_mosim(i,j,2) = (mosim(i-1,j,2) + mo
sim(i+1,j,2))/2.0;[] 
 []

[11]
Underfull \hbox (badness 10000) in paragraph at lines 105--106

 []

File: evalDemosaicOutput.txt  (verbatim)
[12]
Overfull \hbox (16.44208pt too wide) in paragraph at lines 112--112
[]\OT1/ppl/b/n/14.4 EXTENSION part of the home work -- Align-ing Large Prokudin
-Gorskii
 []


Underfull \hbox (badness 10000) in paragraph at lines 113--114

 []


Underfull \hbox (badness 10000) in paragraph at lines 113--114

 []


Underfull \hbox (badness 10000) in paragraph at lines 115--116

 []

File: alignProkudinNew.m  (verbatim)

Overfull \hbox (112.24498pt too wide) in paragraph at lines 116--116
[]\OT1/pcr/m/n/10 %imageNames = {'00125v.jpg','00153v.jpg', '00398v.jpg', '0014
9v.jpg', '00351v.jpg','01112v.jpg'};[] 
 []


Overfull \hbox (214.24498pt too wide) in paragraph at lines 116--116
[]\OT1/pcr/m/n/10 imageNames = {'lady.tif', 'emir.tif', 'onion_church.tif', 'th
ree_generations.tif', 'village.tif', 'workshop.tif'};[] 
 []

[13] [14]
Overfull \hbox (160.24498pt too wide) in paragraph at lines 116--116
[]    \OT1/pcr/m/n/10 fprintf('%2i %s shift: B (%2i,%2i) R (%2i,%2i)\n', i, ima
geNames{i}, predShift(1,:), predShift(2,:));[] 
 []

[15]
<../output/large-images/emi-aligned.jpg, id=94, 3498.06876pt x 3002.21625pt>
File: ../output/large-images/emi-aligned.jpg Graphic file (type jpg)

<use ../output/large-images/emi-aligned.jpg>
Package pdftex.def Info: ../output/large-images/emi-aligned.jpg used on input l
ine 125.
(pdftex.def)             Requested size: 469.71024pt x 403.12863pt.

<../output/large-images/lad-aligned.jpg, id=95, 3556.28625pt x 3006.23125pt>
File: ../output/large-images/lad-aligned.jpg Graphic file (type jpg)

<use ../output/large-images/lad-aligned.jpg>
Package pdftex.def Info: ../output/large-images/lad-aligned.jpg used on input l
ine 131.
(pdftex.def)             Requested size: 469.71342pt x 397.06229pt.


LaTeX Warning: File `../output/large-images/onion-churc-aligned.jpg' not found 
on input line 137.


./solution.tex:137: Package pdftex.def Error: File `../output/large-images/onio
n-churc-aligned.jpg' not found.

See the pdftex.def package documentation for explanation.
Type  H <return>  for immediate help.
 ...                                              
                                                  
l.137 ...put/large-images/onion-churc-aligned.jpg}
                                                  
? 
./solution.tex:137: Emergency stop.
 ...                                              
                                                  
l.137 ...put/large-images/onion-churc-aligned.jpg}
                                                  
Using draft setting for this image.
Try typing  <return>  to proceed.
If that doesn't work, type  X <return>  to quit.

 
Here is how much of TeX's memory you used:
 8821 strings out of 493014
 127011 string characters out of 6133352
 239907 words of memory out of 5000000
 12163 multiletter control sequences out of 15000+600000
 14868 words of font info for 49 fonts, out of 8000000 for 9000
 1141 hyphenation exceptions out of 8191
 35i,9n,37p,1057b,452s stack positions out of 5000i,500n,10000p,200000b,80000s
./solution.tex:137:  ==> Fatal error occurred, no output PDF file produced!
